Using pre-set license
Built from '2020.3/staging' branch; Version is '2020.3.17f1 (a4537701e4ab) revision 10769271'; Using compiler version '192528614'; Build Type 'Release'
OS: 'Windows 10 Home; OS build 19043.1237; Version 2009; 64bit' Language: 'en' Physical Memory: 16335 MB
BatchMode: 1, IsHumanControllingUs: 0, StartBugReporterOnCrash: 0, Is64bit: 1, IsPro: 0

COMMAND LINE ARGUMENTS:
C:\Program Files\Unity\Hub\Editor\2020.3.17f1\Editor\Unity.exe
-adb2
-batchMode
-noUpm
-name
AssetImportWorker0
-projectPath
C:/Users/danie/Desktop/Coding/Unity Projects/Dragonbones
-logFile
Logs/AssetImportWorker0.log
-srvPort
55710
Successfully changed project path to: C:/Users/danie/Desktop/Coding/Unity Projects/Dragonbones
C:/Users/danie/Desktop/Coding/Unity Projects/Dragonbones
Using Asset Import Pipeline V2.
Refreshing native plugins compatible for Editor in 394.08 ms, found 2 plugins.
Preloading 0 native plugins for Editor in 0.00 ms.
Initialize engine version: 2020.3.17f1 (a4537701e4ab)
[Subsystems] Discovering subsystems at path C:/Program Files/Unity/Hub/Editor/2020.3.17f1/Editor/Data/Resources/UnitySubsystems
[Subsystems] Discovering subsystems at path C:/Users/danie/Desktop/Coding/Unity Projects/Dragonbones/Assets
GfxDevice: creating device client; threaded=0
Direct3D:
    Version:  Direct3D 11.0 [level 11.1]
    Renderer: NVIDIA GeForce GTX 1060 6GB (ID=0x1c03)
    Vendor:   
    VRAM:     6052 MB
    Driver:   27.21.14.5671
Initialize mono
Mono path[0] = 'C:/Program Files/Unity/Hub/Editor/2020.3.17f1/Editor/Data/Managed'
Mono path[1] = 'C:/Program Files/Unity/Hub/Editor/2020.3.17f1/Editor/Data/MonoBleedingEdge/lib/mono/unityjit'
Mono config path = 'C:/Program Files/Unity/Hub/Editor/2020.3.17f1/Editor/Data/MonoBleedingEdge/etc'
Using monoOptions --debugger-agent=transport=dt_socket,embedding=1,server=y,suspend=n,address=127.0.0.1:56460
Begin MonoManager ReloadAssembly
Registering precompiled unity dll's ...
Register platform support module: C:/Program Files/Unity/Hub/Editor/2020.3.17f1/Editor/Data/PlaybackEngines/WindowsStandaloneSupport/UnityEditor.WindowsStandalone.Extensions.dll
Registered in 0.002580 seconds.
Native extension for WindowsStandalone target not found
Refreshing native plugins compatible for Editor in 463.34 ms, found 2 plugins.
Preloading 0 native plugins for Editor in 0.00 ms.
Mono: successfully reloaded assembly
- Completed reload, in  1.711 seconds
Domain Reload Profiling:
	ReloadAssembly (1712ms)
		BeginReloadAssembly (64ms)
			ExecutionOrderSort (0ms)
			DisableScriptedObjects (0ms)
			BackupInstance (0ms)
			ReleaseScriptingObjects (0ms)
			CreateAndSetChildDomain (1ms)
		EndReloadAssembly (831ms)
			LoadAssemblies (59ms)
			RebuildTransferFunctionScriptingTraits (0ms)
			SetupTypeCache (143ms)
			ReleaseScriptCaches (0ms)
			RebuildScriptCaches (28ms)
			SetupLoadedEditorAssemblies (590ms)
				LogAssemblyErrors (0ms)
				InitializePlatformSupportModulesInManaged (4ms)
				SetLoadedEditorAssemblies (0ms)
				RefreshPlugins (463ms)
				BeforeProcessingInitializeOnLoad (13ms)
				ProcessInitializeOnLoadAttributes (81ms)
				ProcessInitializeOnLoadMethodAttributes (28ms)
				AfterProcessingInitializeOnLoad (0ms)
				EditorAssembliesLoaded (0ms)
			ExecutionOrderSort2 (0ms)
			AwakeInstancesAfterBackupRestoration (0ms)
Platform modules already initialized, skipping
Registering precompiled user dll's ...
Registered in 0.014320 seconds.
Begin MonoManager ReloadAssembly
Native extension for WindowsStandalone target not found
Refreshing native plugins compatible for Editor in 446.49 ms, found 2 plugins.
Preloading 0 native plugins for Editor in 0.00 ms.
Find all reader and writers took 116 milliseconds
Script Module: UnityEngine.UI.dll
Weave behaviours and messages took67 milliseconds
Find all reader and writers took 92 milliseconds
Script Module: Unity.RenderPipelines.Core.Runtime.dll
Weave behaviours and messages took50 milliseconds
Find all reader and writers took 94 milliseconds
Script Module: UnityEngine.TestRunner.dll
Weave behaviours and messages took23 milliseconds
Find all reader and writers took 85 milliseconds
Script Module: Unity.Mathematics.dll
Weave behaviours and messages took158 milliseconds
Find all reader and writers took 81 milliseconds
Script Module: SimpleWebTransport.dll
Weave behaviours and messages took5 milliseconds
Find all reader and writers took 117 milliseconds
Script Module: Unity.RenderPipelines.Universal.Runtime.dll
Weave behaviours and messages took49 milliseconds
Find all reader and writers took 93 milliseconds
Script Module: GeNa.Scripts.Runtime.dll
Weave behaviours and messages took32 milliseconds
Find all reader and writers took 106 milliseconds
Script Module: Unity.TextMeshPro.dll
Weave behaviours and messages took69 milliseconds
Find all reader and writers took 87 milliseconds
Script Module: NavMeshComponentsTestsPlaymode.dll
Weave behaviours and messages took1 milliseconds
Find all reader and writers took 89 milliseconds
Script Module: Unity.Timeline.dll
Weave behaviours and messages took22 milliseconds
Find all reader and writers took 83 milliseconds
Script Module: Telepathy.dll
Weave behaviours and messages took2 milliseconds
Find all reader and writers took 85 milliseconds
Script Module: NavMeshComponentsExamples.dll
Weave behaviours and messages took5 milliseconds
Find all reader and writers took 90 milliseconds
Script Module: Mirror.Cloud.dll
Weave behaviours and messages took2 milliseconds
Find all reader and writers took 92 milliseconds
Script Module: Assembly-CSharp-firstpass.dll
Weave behaviours and messages took2 milliseconds
Find all reader and writers took 82 milliseconds
Script Module: kcp2k.dll
Weave behaviours and messages took3 milliseconds
Find all reader and writers took 91 milliseconds
Script Module: Mirror.Examples.Cloud.GUI.dll
Weave behaviours and messages took4 milliseconds
Find all reader and writers took 82 milliseconds
Script Module: Unity.RenderPipelines.Core.ShaderLibrary.dll
Weave behaviours and messages took0 milliseconds
Find all reader and writers took 82 milliseconds
Script Module: Unity.RenderPipeline.Universal.ShaderLibrary.dll
Weave behaviours and messages took0 milliseconds
Find all reader and writers took 87 milliseconds
Script Module: NavMeshComponents.dll
Weave behaviours and messages took3 milliseconds
Find all reader and writers took 83 milliseconds
Script Module: Unity.RenderPipelines.Universal.Shaders.dll
Weave behaviours and messages took0 milliseconds
Find all reader and writers took 87 milliseconds
Script Module: Unity.RenderPipelines.ShaderGraph.ShaderGraphLibrary.dll
Weave behaviours and messages took0 milliseconds
Find all reader and writers took 107 milliseconds
Script Module: UnityEditor.TestRunner.dll
Weave behaviours and messages took38 milliseconds
Find all reader and writers took 85 milliseconds
Script Module: Mirror.CompilerSymbols.dll
Weave behaviours and messages took0 milliseconds
Find all reader and writers took 106 milliseconds
Script Module: UnityEditor.UI.dll
Weave behaviours and messages took10 milliseconds
Find all reader and writers took 89 milliseconds
Script Module: Unity.ShaderGraph.Utilities.dll
Weave behaviours and messages took0 milliseconds
Find all reader and writers took 86 milliseconds
Script Module: NavMeshComponentsTestsEditmode.dll
Weave behaviours and messages took6 milliseconds
Find all reader and writers took 104 milliseconds
Script Module: NavMeshComponentsEditor.dll
Weave behaviours and messages took2 milliseconds
Find all reader and writers took 104 milliseconds
Script Module: NavMeshComponentsExamplesEditor.dll
Weave behaviours and messages took0 milliseconds
Mono: successfully reloaded assembly
- Completed reload, in 10.795 seconds
Domain Reload Profiling:
	ReloadAssembly (10796ms)
		BeginReloadAssembly (161ms)
			ExecutionOrderSort (0ms)
			DisableScriptedObjects (5ms)
			BackupInstance (0ms)
			ReleaseScriptingObjects (0ms)
			CreateAndSetChildDomain (19ms)
		EndReloadAssembly (10563ms)
			LoadAssemblies (122ms)
			RebuildTransferFunctionScriptingTraits (0ms)
			SetupTypeCache (389ms)
			ReleaseScriptCaches (1ms)
			RebuildScriptCaches (88ms)
			SetupLoadedEditorAssemblies (9837ms)
				LogAssemblyErrors (0ms)
				InitializePlatformSupportModulesInManaged (5ms)
				SetLoadedEditorAssemblies (0ms)
				RefreshPlugins (447ms)
				BeforeProcessingInitializeOnLoad (114ms)
				ProcessInitializeOnLoadAttributes (1210ms)
				ProcessInitializeOnLoadMethodAttributes (8052ms)
				AfterProcessingInitializeOnLoad (9ms)
				EditorAssembliesLoaded (0ms)
			ExecutionOrderSort2 (0ms)
			AwakeInstancesAfterBackupRestoration (7ms)
Platform modules already initialized, skipping
========================================================================
Worker process is ready to serve import requests
Launched and connected shader compiler UnityShaderCompiler.exe after 0.06 seconds
Refreshing native plugins compatible for Editor in 4.27 ms, found 2 plugins.
Preloading 0 native plugins for Editor in 0.00 ms.
Unloading 4168 Unused Serialized files (Serialized files now loaded: 0)
System memory in use before: 331.0 MB.
System memory in use after: 331.2 MB.

Unloading 32 unused Assets to reduce memory usage. Loaded Objects now: 4666.
Total: 5.373600 ms (FindLiveObjects: 0.415900 ms CreateObjectMapping: 0.102200 ms MarkObjects: 4.740500 ms  DeleteObjects: 0.113900 ms)

AssetImportParameters requested are different than current active one (requested -> active):
  custom:framework-win-MediaFoundation: 216162199b28c13a410421893ffa2e32 -> 
  custom:video-decoder-ogg-theora: a1e56fd34408186e4bbccfd4996cb3dc -> 
  custom:container-muxer-webm: aa71ff27fc2769a1b78a27578f13a17b -> 
  custom:container-demuxer-webm: 4f35f7cbe854078d1ac9338744f61a02 -> 
  custom:container-demuxer-ogg: 62fdf1f143b41e24485cea50d1cbac27 -> 
  custom:video-encoder-webm-vp8: eb34c28f22e8b96e1ab97ce403110664 -> 
  custom:video-decoder-webm-vp8: 9c59270c3fd7afecdb556c50c9e8de78 -> 
  custom:audio-decoder-ogg-vorbis: bf7c407c2cedff20999df2af8eb42d56 -> 
  custom:audio-encoder-webm-vorbis: bf7c407c2cedff20999df2af8eb42d56 -> 
========================================================================
Received Import Request.
  path: Assets/Development/Prefabs/Obstacles/OBS_Camp_Tent4.prefab
  artifactKey: Guid(b1a3405a73b92994c8ec6859565719f1) Importer(815301076,1909f56bfc062723c751e8b465ee728b)
Start importing Assets/Development/Prefabs/Obstacles/OBS_Camp_Tent4.prefab using Guid(b1a3405a73b92994c8ec6859565719f1) Importer(815301076,1909f56bfc062723c751e8b465ee728b)  -> (artifact id: '025ee933a62fcdfa967162de562b626d') in 0.304071 seconds 
  Import took 0.316622 seconds .

========================================================================
Received Import Request.
  Time since last request: 0.000215 seconds.
  path: Assets/RTS Engine/Demo/Kenney Assets/Packs/Nature Kit/campfire_logs.fbx
  artifactKey: Guid(3a2b6df785c1fa340af9d9b20c752a24) Importer(815301076,1909f56bfc062723c751e8b465ee728b)
Start importing Assets/RTS Engine/Demo/Kenney Assets/Packs/Nature Kit/campfire_logs.fbx using Guid(3a2b6df785c1fa340af9d9b20c752a24) Importer(815301076,1909f56bfc062723c751e8b465ee728b)  -> (artifact id: '85a56362c9dc1a45b9ce4db3e1063e49') in 0.095035 seconds 
  Import took 0.103357 seconds .

========================================================================
Received Import Request.
  Time since last request: 0.000239 seconds.
  path: Assets/RTS Engine/Legacy/Maps/DemoMap/Kenney Assets/Nature pack extended/naturePack_078.obj
  artifactKey: Guid(9ecbf57df6fb0944293a3b91f91f3723) Importer(815301076,1909f56bfc062723c751e8b465ee728b)
Start importing Assets/RTS Engine/Legacy/Maps/DemoMap/Kenney Assets/Nature pack extended/naturePack_078.obj using Guid(9ecbf57df6fb0944293a3b91f91f3723) Importer(815301076,1909f56bfc062723c751e8b465ee728b)  -> (artifact id: '350b54ea815cbfd35e203a8ac0cddb96') in 0.036801 seconds 
  Import took 0.045159 seconds .

========================================================================
Received Import Request.
  Time since last request: 0.000266 seconds.
  path: Assets/Development/Prefabs/Obstacles/OBS_Camp_Tent3.prefab
  artifactKey: Guid(5ec0943aa5250a94583957091251cd73) Importer(815301076,1909f56bfc062723c751e8b465ee728b)
Start importing Assets/Development/Prefabs/Obstacles/OBS_Camp_Tent3.prefab using Guid(5ec0943aa5250a94583957091251cd73) Importer(815301076,1909f56bfc062723c751e8b465ee728b)  -> (artifact id: '81ecbc6da6bc84f505f83d10e1337205') in 0.055008 seconds 
  Import took 0.066018 seconds .

========================================================================
Received Import Request.
  Time since last request: 0.000214 seconds.
  path: Assets/RTS Engine/Legacy/Maps/DemoMap/Kenney Assets/Nature pack/Campfire_01.mtl
  artifactKey: Guid(be9d225dc7ba8b34daa650c2dd110a33) Importer(815301076,1909f56bfc062723c751e8b465ee728b)
Start importing Assets/RTS Engine/Legacy/Maps/DemoMap/Kenney Assets/Nature pack/Campfire_01.mtl using Guid(be9d225dc7ba8b34daa650c2dd110a33) Importer(815301076,1909f56bfc062723c751e8b465ee728b)  -> (artifact id: '52557cba9847eeebece50a98dc267434') in 0.011430 seconds 
  Import took 0.019208 seconds .

========================================================================
Received Import Request.
  Time since last request: 0.000207 seconds.
  path: Assets/Imports/Procedural Worlds/Content Packs/Synty/Fantasy Kingdom/Content Resources/Prefabs/GeNa Decorators/Camp Site.prefab
  artifactKey: Guid(68335cfa8c73a49498f1da2b076953c8) Importer(815301076,1909f56bfc062723c751e8b465ee728b)
Start importing Assets/Imports/Procedural Worlds/Content Packs/Synty/Fantasy Kingdom/Content Resources/Prefabs/GeNa Decorators/Camp Site.prefab using Guid(68335cfa8c73a49498f1da2b076953c8) Importer(815301076,1909f56bfc062723c751e8b465ee728b)  -> (artifact id: '1663df6630c1f5af750464328a43ac8b') in 0.106747 seconds 
  Import took 0.121793 seconds .

========================================================================
Received Import Request.
  Time since last request: 0.000193 seconds.
  path: Assets/RTS Engine/Demo/Kenney Assets/Packs/Nature Kit/campfire_stones.fbx
  artifactKey: Guid(dab14c7966d9389439b3e2c13fa87ac4) Importer(815301076,1909f56bfc062723c751e8b465ee728b)
Start importing Assets/RTS Engine/Demo/Kenney Assets/Packs/Nature Kit/campfire_stones.fbx using Guid(dab14c7966d9389439b3e2c13fa87ac4) Importer(815301076,1909f56bfc062723c751e8b465ee728b)  -> (artifact id: 'fd2331a007126cb4bf7745e1d24f7090') in 0.028064 seconds 
  Import took 0.036500 seconds .

========================================================================
Received Import Request.
  Time since last request: 0.000229 seconds.
  path: Assets/RTS Engine/Legacy/Maps/DemoMap/Kenney Assets/Nature pack/Campfire_01.obj
  artifactKey: Guid(b32d07886f3bf214c8e0e89990df5547) Importer(815301076,1909f56bfc062723c751e8b465ee728b)
Start importing Assets/RTS Engine/Legacy/Maps/DemoMap/Kenney Assets/Nature pack/Campfire_01.obj using Guid(b32d07886f3bf214c8e0e89990df5547) Importer(815301076,1909f56bfc062723c751e8b465ee728b)  -> (artifact id: 'fa9d84a29c3cdc2d50c052db500645ec') in 0.038310 seconds 
  Import took 0.046539 seconds .

========================================================================
Received Import Request.
  Time since last request: 0.000290 seconds.
  path: Assets/Development/Prefabs/Obstacles/OBS_Camp_Tent5.prefab
  artifactKey: Guid(3446c382818753a4dacf600c21b156df) Importer(815301076,1909f56bfc062723c751e8b465ee728b)
Start importing Assets/Development/Prefabs/Obstacles/OBS_Camp_Tent5.prefab using Guid(3446c382818753a4dacf600c21b156df) Importer(815301076,1909f56bfc062723c751e8b465ee728b)  -> (artifact id: 'e5754f9ec276111e1bf420710e6052a8') in 0.061405 seconds 
  Import took 0.075663 seconds .

========================================================================
Received Import Request.
  Time since last request: 0.000265 seconds.
  path: Assets/RTS Engine/Demo/Kenney Assets/Packs/Nature Kit/campfire_planks.fbx
  artifactKey: Guid(da2b49a607537984f811c46a4381d237) Importer(815301076,1909f56bfc062723c751e8b465ee728b)
Start importing Assets/RTS Engine/Demo/Kenney Assets/Packs/Nature Kit/campfire_planks.fbx using Guid(da2b49a607537984f811c46a4381d237) Importer(815301076,1909f56bfc062723c751e8b465ee728b)  -> (artifact id: 'c852f14e7f8c94714c4417633086945f') in 0.026401 seconds 
  Import took 0.035423 seconds .

========================================================================
Received Import Request.
  Time since last request: 0.000251 seconds.
  path: Assets/RTS Engine/Demo/Kenney Assets/Packs/Nature Kit/campfire_bricks.fbx
  artifactKey: Guid(04a026b39cffd5341819faec2f8e267c) Importer(815301076,1909f56bfc062723c751e8b465ee728b)
Start importing Assets/RTS Engine/Demo/Kenney Assets/Packs/Nature Kit/campfire_bricks.fbx using Guid(04a026b39cffd5341819faec2f8e267c) Importer(815301076,1909f56bfc062723c751e8b465ee728b)  -> (artifact id: '31fc28fee11facce241bcb0cce82b40b') in 0.029662 seconds 
  Import took 0.039908 seconds .

========================================================================
Received Import Request.
  Time since last request: 0.000258 seconds.
  path: Assets/Development/Prefabs/Obstacles/OBS_Camp_Tent5.prefab
  artifactKey: Guid(3446c382818753a4dacf600c21b156df) Importer(815301076,1909f56bfc062723c751e8b465ee728b)
Start importing Assets/Development/Prefabs/Obstacles/OBS_Camp_Tent5.prefab using Guid(3446c382818753a4dacf600c21b156df) Importer(815301076,1909f56bfc062723c751e8b465ee728b)  -> (artifact id: 'e5754f9ec276111e1bf420710e6052a8') in 0.050416 seconds 
  Import took 0.062842 seconds .

========================================================================
Received Import Request.
  Time since last request: 0.000244 seconds.
  path: Assets/Imports/Procedural Worlds/Content Packs/Synty/Fantasy Kingdom/Content Resources/Prefabs/GeNa Decorators/Camp Stove.prefab
  artifactKey: Guid(695231606689cf348ad09788beef8754) Importer(815301076,1909f56bfc062723c751e8b465ee728b)
Start importing Assets/Imports/Procedural Worlds/Content Packs/Synty/Fantasy Kingdom/Content Resources/Prefabs/GeNa Decorators/Camp Stove.prefab using Guid(695231606689cf348ad09788beef8754) Importer(815301076,1909f56bfc062723c751e8b465ee728b)  -> (artifact id: '9b24501be97860253dfbf6a7f854db8b') in 0.051969 seconds 
  Import took 0.062816 seconds .

========================================================================
Received Import Request.
  Time since last request: 0.530794 seconds.
  path: Assets/Imports/Procedural Worlds/Content Packs/Synty/Fantasy Kingdom/GeNa Spawners/Props/Spawner - Camp Stove.prefab
  artifactKey: Guid(61772f490e518db4e9f9da6dc5e32224) Importer(815301076,1909f56bfc062723c751e8b465ee728b)
Start importing Assets/Imports/Procedural Worlds/Content Packs/Synty/Fantasy Kingdom/GeNa Spawners/Props/Spawner - Camp Stove.prefab using Guid(61772f490e518db4e9f9da6dc5e32224) Importer(815301076,1909f56bfc062723c751e8b465ee728b)  -> (artifact id: '0971adb9eb7256c4218c9e178b2c4d55') in 3.132815 seconds 
  Import took 3.579339 seconds .

========================================================================
Received Import Request.
  Time since last request: 18.470009 seconds.
  path: Assets/Imports/PolygonNature/Models/SM_Prop_CampFire_01.fbx
  artifactKey: Guid(5f9f6ec19ed9ec548a73b9775e5a7154) Importer(815301076,1909f56bfc062723c751e8b465ee728b)
Start importing Assets/Imports/PolygonNature/Models/SM_Prop_CampFire_01.fbx using Guid(5f9f6ec19ed9ec548a73b9775e5a7154) Importer(815301076,1909f56bfc062723c751e8b465ee728b)  -> (artifact id: 'aa5583591fdb868a94c05eee33c7b239') in 0.025981 seconds 
  Import took 0.036482 seconds .

========================================================================
Received Import Request.
  Time since last request: 0.603776 seconds.
  path: Assets/Imports/Procedural Worlds/Content Packs/Synty/Fantasy Kingdom/GeNa Spawners/Buildings - Fixed/Spawner - Camp Site.prefab
  artifactKey: Guid(32d2c34fad3f19141a609d954ae3e012) Importer(815301076,1909f56bfc062723c751e8b465ee728b)
Start importing Assets/Imports/Procedural Worlds/Content Packs/Synty/Fantasy Kingdom/GeNa Spawners/Buildings - Fixed/Spawner - Camp Site.prefab using Guid(32d2c34fad3f19141a609d954ae3e012) Importer(815301076,1909f56bfc062723c751e8b465ee728b)  -> (artifact id: '084e9cd0cc9d22846f010110d3d2eb6b') in 2.870478 seconds 
  Import took 3.312611 seconds .

========================================================================
Received Import Request.
  Time since last request: 26.865708 seconds.
  path: Assets/Imports/PolygonDungeonRealms/Models/SM_Prop_Camp_Wood_Table_02.fbx
  artifactKey: Guid(b832ce972356e5b47b36886f4f6f02a6) Importer(815301076,1909f56bfc062723c751e8b465ee728b)
Start importing Assets/Imports/PolygonDungeonRealms/Models/SM_Prop_Camp_Wood_Table_02.fbx using Guid(b832ce972356e5b47b36886f4f6f02a6) Importer(815301076,1909f56bfc062723c751e8b465ee728b)  -> (artifact id: '5b0f6ea381a79be45e06f7d61d8e255f') in 0.022963 seconds 
  Import took 0.032944 seconds .

========================================================================
Received Import Request.
  Time since last request: 17.193005 seconds.
  path: Assets/Imports/PolygonNature/Prefabs/Props/SM_Prop_Skeleton_Ground_01.prefab
  artifactKey: Guid(8ec29696c3f5cc04faf6c4c6a5ffb0ea) Importer(815301076,1909f56bfc062723c751e8b465ee728b)
Start importing Assets/Imports/PolygonNature/Prefabs/Props/SM_Prop_Skeleton_Ground_01.prefab using Guid(8ec29696c3f5cc04faf6c4c6a5ffb0ea) Importer(815301076,1909f56bfc062723c751e8b465ee728b)  -> (artifact id: 'fb732a1cc4ea71001c4771433fd9e6da') in 0.021656 seconds 
  Import took 0.032155 seconds .

========================================================================
Received Import Request.
  Time since last request: 16.557861 seconds.
  path: Assets/Imports/PolygonNature/Prefabs/Props/SM_Prop_Skeleton_Ground_01 1.prefab
  artifactKey: Guid(e023bd816718a6a46b414afe34c3eedb) Importer(815301076,1909f56bfc062723c751e8b465ee728b)
Start importing Assets/Imports/PolygonNature/Prefabs/Props/SM_Prop_Skeleton_Ground_01 1.prefab using Guid(e023bd816718a6a46b414afe34c3eedb) Importer(815301076,1909f56bfc062723c751e8b465ee728b)  -> (artifact id: 'fccda97130bc09642cdb3ac112212024') in 0.025533 seconds 
  Import took 0.034214 seconds .

========================================================================
Received Import Request.
  Time since last request: 11.699450 seconds.
  path: Assets/Development/Map Resources/Resources/Sources/Bones/SM_Prop_Skeleton_Ground_01 1.prefab
  artifactKey: Guid(e023bd816718a6a46b414afe34c3eedb) Importer(815301076,1909f56bfc062723c751e8b465ee728b)
Start importing Assets/Development/Map Resources/Resources/Sources/Bones/SM_Prop_Skeleton_Ground_01 1.prefab using Guid(e023bd816718a6a46b414afe34c3eedb) Importer(815301076,1909f56bfc062723c751e8b465ee728b)  -> (artifact id: 'a82dd2cfdaefb2a623ccfb10a98e32ba') in 0.015187 seconds 
  Import took 0.023964 seconds .

========================================================================
Received Import Request.
  Time since last request: 21.247124 seconds.
  path: Assets/Imports/PolygonNature/Prefabs/Props/SM_Prop_CampFire_01 1.prefab
  artifactKey: Guid(84ad40aae7d36f94187880c31c43ff90) Importer(815301076,1909f56bfc062723c751e8b465ee728b)
Start importing Assets/Imports/PolygonNature/Prefabs/Props/SM_Prop_CampFire_01 1.prefab using Guid(84ad40aae7d36f94187880c31c43ff90) Importer(815301076,1909f56bfc062723c751e8b465ee728b)  -> (artifact id: '09b7ce5c394a69484dee9da87761f0b1') in 0.022514 seconds 
  Import took 0.033890 seconds .

========================================================================
Received Import Request.
  Time since last request: 20.490782 seconds.
  path: Assets/Development/Prefabs/Obstacles/SM_Prop_CampFire_01 1.prefab
  artifactKey: Guid(84ad40aae7d36f94187880c31c43ff90) Importer(815301076,1909f56bfc062723c751e8b465ee728b)
Start importing Assets/Development/Prefabs/Obstacles/SM_Prop_CampFire_01 1.prefab using Guid(84ad40aae7d36f94187880c31c43ff90) Importer(815301076,1909f56bfc062723c751e8b465ee728b)  -> (artifact id: '927fe72873e2a5c143abb56241df52ad') in 0.017187 seconds 
  Import took 0.026350 seconds .

========================================================================
Received Import Request.
  Time since last request: 18.787250 seconds.
  path: Assets/Development/Prefabs/Doodads
  artifactKey: Guid(98f57070a41ca9248afda65c56ceba61) Importer(815301076,1909f56bfc062723c751e8b465ee728b)
Start importing Assets/Development/Prefabs/Doodads using Guid(98f57070a41ca9248afda65c56ceba61) Importer(815301076,1909f56bfc062723c751e8b465ee728b)  -> (artifact id: '9d1395d69f970f393c24cb096cb04192') in 0.008658 seconds 
  Import took 0.019304 seconds .

========================================================================
Received Import Request.
  Time since last request: 6.688958 seconds.
  path: Assets/Development/Prefabs/Doodads/Camps
  artifactKey: Guid(c6b96b4e194eb33438c4f8cf82d8642c) Importer(815301076,1909f56bfc062723c751e8b465ee728b)
Start importing Assets/Development/Prefabs/Doodads/Camps using Guid(c6b96b4e194eb33438c4f8cf82d8642c) Importer(815301076,1909f56bfc062723c751e8b465ee728b)  -> (artifact id: '0707dca2f283a13b19632a998acedaf8') in 0.008433 seconds 
  Import took 0.016735 seconds .

========================================================================
Received Import Request.
  Time since last request: 4.540971 seconds.
  path: Assets/Development/Prefabs/Obstacles/OBS_Square_Tent2.prefab
  artifactKey: Guid(aa8a7ed4cc4833e4eae7fc9f63497457) Importer(815301076,1909f56bfc062723c751e8b465ee728b)
Start importing Assets/Development/Prefabs/Obstacles/OBS_Square_Tent2.prefab using Guid(aa8a7ed4cc4833e4eae7fc9f63497457) Importer(815301076,1909f56bfc062723c751e8b465ee728b)  -> (artifact id: '219558cd456828da92bd1be993bea8e4') in 0.058042 seconds 
  Import took 0.069194 seconds .

========================================================================
Received Import Request.
  Time since last request: 46.988812 seconds.
  path: Assets/Development/Prefabs/Doodads/Camps/Campfire.prefab
  artifactKey: Guid(6f0fc6b1d9ddc214189544d956e017af) Importer(815301076,1909f56bfc062723c751e8b465ee728b)
Start importing Assets/Development/Prefabs/Doodads/Camps/Campfire.prefab using Guid(6f0fc6b1d9ddc214189544d956e017af) Importer(815301076,1909f56bfc062723c751e8b465ee728b)  -> (artifact id: '95dd91a884ddae36b9c8950a1936605f') in 0.016579 seconds 
  Import took 0.027165 seconds .

========================================================================
Received Import Request.
  Time since last request: 178.813366 seconds.
  path: Assets/Imports/SpecialSkillsEffectsPack/Textures/Fire/Fire.png
  artifactKey: Guid(0faefbc1afb419748b6b153660835edf) Importer(815301076,1909f56bfc062723c751e8b465ee728b)
Start importing Assets/Imports/SpecialSkillsEffectsPack/Textures/Fire/Fire.png using Guid(0faefbc1afb419748b6b153660835edf) Importer(815301076,1909f56bfc062723c751e8b465ee728b)  -> (artifact id: '2f90680755061b0dd99a524682ab5842') in 0.036166 seconds 
  Import took 0.045035 seconds .

========================================================================
Received Import Request.
  Time since last request: 0.618798 seconds.
  path: Assets/Imports/SpecialSkillsEffectsPack/AllEffects/EffectsSet_2(ScriptBased)/Effects/Effect_04_FlamePrison/Effect_04_FlamePrison.prefab
  artifactKey: Guid(b3b2acb161066544dbe43bcf4a3affaa) Importer(815301076,1909f56bfc062723c751e8b465ee728b)
Start importing Assets/Imports/SpecialSkillsEffectsPack/AllEffects/EffectsSet_2(ScriptBased)/Effects/Effect_04_FlamePrison/Effect_04_FlamePrison.prefab using Guid(b3b2acb161066544dbe43bcf4a3affaa) Importer(815301076,1909f56bfc062723c751e8b465ee728b)  -> (artifact id: 'a084decbc1768c9db3d83a04f5e61968') in 0.057151 seconds 
  Import took 0.067552 seconds .

========================================================================
Received Import Request.
  Time since last request: 0.456995 seconds.
  path: Assets/Imports/SpecialSkillsEffectsPack/AllEffects/EffectsSet_2(ScriptBased)/Effects/Effect_04_FlamePrison/Effect_04_Parts/Effect_04_FlamePrisonPart.prefab
  artifactKey: Guid(31bc4f74143d93c4f959dfc5d482a127) Importer(815301076,1909f56bfc062723c751e8b465ee728b)
Start importing Assets/Imports/SpecialSkillsEffectsPack/AllEffects/EffectsSet_2(ScriptBased)/Effects/Effect_04_FlamePrison/Effect_04_Parts/Effect_04_FlamePrisonPart.prefab using Guid(31bc4f74143d93c4f959dfc5d482a127) Importer(815301076,1909f56bfc062723c751e8b465ee728b)  -> (artifact id: '35f3987aa03e74b51c8a4f3d61b4a283') in 0.022045 seconds 
  Import took 0.032077 seconds .

========================================================================
Received Import Request.
  Time since last request: 0.408698 seconds.
  path: Assets/Imports/SpecialSkillsEffectsPack/Textures/Explosions/Explosion_4.png
  artifactKey: Guid(347950cc32d4c4748b3540f5a8420c1f) Importer(815301076,1909f56bfc062723c751e8b465ee728b)
Start importing Assets/Imports/SpecialSkillsEffectsPack/Textures/Explosions/Explosion_4.png using Guid(347950cc32d4c4748b3540f5a8420c1f) Importer(815301076,1909f56bfc062723c751e8b465ee728b)  -> (artifact id: '3a860bf708fdc0248d67cc973cb071e7') in 0.018889 seconds 
  Import took 0.027411 seconds .

========================================================================
Received Import Request.
  Time since last request: 0.000263 seconds.
  path: Assets/Imports/SpecialSkillsEffectsPack/Textures/SimpleTextures/Normal/Normal_15.png
  artifactKey: Guid(3cee0c78d88dbc544888de2bd3fb844d) Importer(815301076,1909f56bfc062723c751e8b465ee728b)
Start importing Assets/Imports/SpecialSkillsEffectsPack/Textures/SimpleTextures/Normal/Normal_15.png using Guid(3cee0c78d88dbc544888de2bd3fb844d) Importer(815301076,1909f56bfc062723c751e8b465ee728b)  -> (artifact id: '3b3c10e06c6ed750d8705841862c4f08') in 0.017347 seconds 
  Import took 0.026177 seconds .

========================================================================
Received Import Request.
  Time since last request: 0.878606 seconds.
  path: Assets/Imports/SpecialSkillsEffectsPack/AllEffects/EffectsSet_2(ScriptBased)/Effects/Effect_08_FlameEruption/Effect_08_FlameEruption.prefab
  artifactKey: Guid(2a0f7fb09e2a84148a59d5eec78e5b01) Importer(815301076,1909f56bfc062723c751e8b465ee728b)
Start importing Assets/Imports/SpecialSkillsEffectsPack/AllEffects/EffectsSet_2(ScriptBased)/Effects/Effect_08_FlameEruption/Effect_08_FlameEruption.prefab using Guid(2a0f7fb09e2a84148a59d5eec78e5b01) Importer(815301076,1909f56bfc062723c751e8b465ee728b)  -> (artifact id: 'a7d85a862a69456d45a65dd58055e170') in 0.069222 seconds 
  Import took 0.078039 seconds .

========================================================================
Received Import Request.
  Time since last request: 0.230956 seconds.
  path: Assets/Imports/SpecialSkillsEffectsPack/AllEffects/EffectsSet_2(ScriptBased)/Effects/Effect_09_GloryShield/Effect_09_Parts/Effect_09_FlameShield.prefab
  artifactKey: Guid(761ce3f370c6bdd4491bb2246cf28e18) Importer(815301076,1909f56bfc062723c751e8b465ee728b)
Start importing Assets/Imports/SpecialSkillsEffectsPack/AllEffects/EffectsSet_2(ScriptBased)/Effects/Effect_09_GloryShield/Effect_09_Parts/Effect_09_FlameShield.prefab using Guid(761ce3f370c6bdd4491bb2246cf28e18) Importer(815301076,1909f56bfc062723c751e8b465ee728b)  -> (artifact id: '809dddf43c2c155b5722abc71f440da0') in 0.169150 seconds 
  Import took 0.177745 seconds .

========================================================================
Received Import Request.
  Time since last request: 0.223709 seconds.
  path: Assets/Imports/SpecialSkillsEffectsPack/Textures/Fire/Fire_2.png
  artifactKey: Guid(3ece22a0987e5354c890c3553a27ad96) Importer(815301076,1909f56bfc062723c751e8b465ee728b)
Start importing Assets/Imports/SpecialSkillsEffectsPack/Textures/Fire/Fire_2.png using Guid(3ece22a0987e5354c890c3553a27ad96) Importer(815301076,1909f56bfc062723c751e8b465ee728b)  -> (artifact id: 'ff09e1842ccc475b2e3b7c95e48d6560') in 0.022807 seconds 
  Import took 0.031348 seconds .

========================================================================
Received Import Request.
  Time since last request: 0.172662 seconds.
  path: Assets/Imports/SpecialSkillsEffectsPack/Textures/SimpleTextures/Normal/Normal_13.png
  artifactKey: Guid(c733c179413d73b4ba79741d1b52235f) Importer(815301076,1909f56bfc062723c751e8b465ee728b)
Start importing Assets/Imports/SpecialSkillsEffectsPack/Textures/SimpleTextures/Normal/Normal_13.png using Guid(c733c179413d73b4ba79741d1b52235f) Importer(815301076,1909f56bfc062723c751e8b465ee728b)  -> (artifact id: 'd3647195958689ac22b3bcd5aa841d67') in 0.016887 seconds 
  Import took 0.025146 seconds .

========================================================================
Received Import Request.
  Time since last request: 2.265339 seconds.
  path: Assets/Imports/SpecialSkillsEffectsPack/AllEffects/EffectsSet_2(ScriptBased)/Effects/Effect_11_IntangibleSlash/Effect_11_FlameButterfly.prefab
  artifactKey: Guid(66c21d72a7c581f40828fd8612103bbd) Importer(815301076,1909f56bfc062723c751e8b465ee728b)
Start importing Assets/Imports/SpecialSkillsEffectsPack/AllEffects/EffectsSet_2(ScriptBased)/Effects/Effect_11_IntangibleSlash/Effect_11_FlameButterfly.prefab using Guid(66c21d72a7c581f40828fd8612103bbd) Importer(815301076,1909f56bfc062723c751e8b465ee728b)  -> (artifact id: '407f4a49fd4eea5ef3e2cfdc617b0aee') in 0.082729 seconds 
  Import took 0.091854 seconds .

========================================================================
Received Import Request.
  Time since last request: 0.286467 seconds.
  path: Assets/Imports/SpecialSkillsEffectsPack/AllEffects/EffectsSet_2(ScriptBased)/Effects/Effect_17_RainofArrow/Effect_17_FlameArrowDrop.prefab
  artifactKey: Guid(d6b032694995837489fd8c07a93c9fdd) Importer(815301076,1909f56bfc062723c751e8b465ee728b)
Start importing Assets/Imports/SpecialSkillsEffectsPack/AllEffects/EffectsSet_2(ScriptBased)/Effects/Effect_17_RainofArrow/Effect_17_FlameArrowDrop.prefab using Guid(d6b032694995837489fd8c07a93c9fdd) Importer(815301076,1909f56bfc062723c751e8b465ee728b)  -> (artifact id: '887fef405354759ef97493feffe268db') in 0.018274 seconds 
  Import took 0.027356 seconds .

========================================================================
Received Import Request.
  Time since last request: 0.341338 seconds.
  path: Assets/Imports/SpecialSkillsEffectsPack/Textures/SimpleTextures/Noise/PerlinNoise_10.png
  artifactKey: Guid(89f1cb2bc600fd0418bf263ac3f3931d) Importer(815301076,1909f56bfc062723c751e8b465ee728b)
Start importing Assets/Imports/SpecialSkillsEffectsPack/Textures/SimpleTextures/Noise/PerlinNoise_10.png using Guid(89f1cb2bc600fd0418bf263ac3f3931d) Importer(815301076,1909f56bfc062723c751e8b465ee728b)  -> (artifact id: 'fd76a0d2f9c8690ff673c32471a624cb') in 0.017191 seconds 
  Import took 0.026359 seconds .

========================================================================
Received Import Request.
  Time since last request: 0.000216 seconds.
  path: Assets/Imports/SpecialSkillsEffectsPack/Textures/SimpleTextures/Noise/PerlinNoise_7.png
  artifactKey: Guid(85b544dc6e75c0a4f891ca44a816b09a) Importer(815301076,1909f56bfc062723c751e8b465ee728b)
Start importing Assets/Imports/SpecialSkillsEffectsPack/Textures/SimpleTextures/Noise/PerlinNoise_7.png using Guid(85b544dc6e75c0a4f891ca44a816b09a) Importer(815301076,1909f56bfc062723c751e8b465ee728b)  -> (artifact id: '98374e00d015e5326a06a7679ea8cc4c') in 0.015669 seconds 
  Import took 0.023681 seconds .

========================================================================
Received Import Request.
  Time since last request: 0.264404 seconds.
  path: Assets/Imports/SpecialSkillsEffectsPack/Textures/Explosions/Explosion_7.png
  artifactKey: Guid(786c3ffbb1287ee40ac31e8f5fd43e52) Importer(815301076,1909f56bfc062723c751e8b465ee728b)
Start importing Assets/Imports/SpecialSkillsEffectsPack/Textures/Explosions/Explosion_7.png using Guid(786c3ffbb1287ee40ac31e8f5fd43e52) Importer(815301076,1909f56bfc062723c751e8b465ee728b)  -> (artifact id: '01b9c4b101143c0417c192e7f6d8b66f') in 0.018247 seconds 
  Import took 0.027088 seconds .

========================================================================
Received Import Request.
  Time since last request: 0.000202 seconds.
  path: Assets/Imports/SpecialSkillsEffectsPack/Textures/SimpleTextures/Normal/Normal_17.png
  artifactKey: Guid(f42d1adc1ee4b7347a98f2561a4b3f58) Importer(815301076,1909f56bfc062723c751e8b465ee728b)
Start importing Assets/Imports/SpecialSkillsEffectsPack/Textures/SimpleTextures/Normal/Normal_17.png using Guid(f42d1adc1ee4b7347a98f2561a4b3f58) Importer(815301076,1909f56bfc062723c751e8b465ee728b)  -> (artifact id: '46500d7a9d164d5678307791e045216c') in 0.015449 seconds 
  Import took 0.023667 seconds .

========================================================================
Received Import Request.
  Time since last request: 0.205171 seconds.
  path: Assets/Imports/SpecialSkillsEffectsPack/AllEffects/EffectsSet_1(NotScriptBased)/Effects/Effect_19_FlameBreath/Effect_19_FlameBreath.prefab
  artifactKey: Guid(c15e6ae34ba4f4342aaea160e0d30071) Importer(815301076,1909f56bfc062723c751e8b465ee728b)
Start importing Assets/Imports/SpecialSkillsEffectsPack/AllEffects/EffectsSet_1(NotScriptBased)/Effects/Effect_19_FlameBreath/Effect_19_FlameBreath.prefab using Guid(c15e6ae34ba4f4342aaea160e0d30071) Importer(815301076,1909f56bfc062723c751e8b465ee728b)  -> (artifact id: '625217cff8281aa8d57ab2ebad50b29f') in 0.077060 seconds 
  Import took 0.087022 seconds .

========================================================================
Received Import Request.
  Time since last request: 0.262151 seconds.
  path: Assets/Imports/SpecialSkillsEffectsPack/AllEffects/EffectsSet_2(ScriptBased)/Effects/Effect_19_FlameBust/Effect_19_FlameBust.prefab
  artifactKey: Guid(1793ea11f2bf80e419af49c095d80097) Importer(815301076,1909f56bfc062723c751e8b465ee728b)
Start importing Assets/Imports/SpecialSkillsEffectsPack/AllEffects/EffectsSet_2(ScriptBased)/Effects/Effect_19_FlameBust/Effect_19_FlameBust.prefab using Guid(1793ea11f2bf80e419af49c095d80097) Importer(815301076,1909f56bfc062723c751e8b465ee728b)  -> (artifact id: '79e2ad0f9b11227b77096d2507181003') in 0.013674 seconds 
  Import took 0.022706 seconds .

========================================================================
Received Import Request.
  Time since last request: 0.899679 seconds.
  path: Assets/Imports/SpecialSkillsEffectsPack/AllEffects/EffectsSet_2(ScriptBased)/Effects/Effect_19_FlameBust/Effect_19_Parts/Effect_19_FlameBustPart.prefab
  artifactKey: Guid(ef77aeb97e282c642b636f1e637ec665) Importer(815301076,1909f56bfc062723c751e8b465ee728b)
Start importing Assets/Imports/SpecialSkillsEffectsPack/AllEffects/EffectsSet_2(ScriptBased)/Effects/Effect_19_FlameBust/Effect_19_Parts/Effect_19_FlameBustPart.prefab using Guid(ef77aeb97e282c642b636f1e637ec665) Importer(815301076,1909f56bfc062723c751e8b465ee728b)  -> (artifact id: '471c1ff9036f45588ca07b143c2d636d') in 0.030219 seconds 
  Import took 0.040742 seconds .

========================================================================
Received Import Request.
  Time since last request: 0.343781 seconds.
  path: Assets/Imports/SpecialSkillsEffectsPack/AllEffects/EffectsSet_1(NotScriptBased)/Effects/Effect_19_FlameBreath/Effect_19_FlameDestroyer.prefab
  artifactKey: Guid(754148b94da304e4481533e4091e56dd) Importer(815301076,1909f56bfc062723c751e8b465ee728b)
Start importing Assets/Imports/SpecialSkillsEffectsPack/AllEffects/EffectsSet_1(NotScriptBased)/Effects/Effect_19_FlameBreath/Effect_19_FlameDestroyer.prefab using Guid(754148b94da304e4481533e4091e56dd) Importer(815301076,1909f56bfc062723c751e8b465ee728b)  -> (artifact id: 'eaef8ebce2722a25e61275cd74fbf5f3') in 0.024200 seconds 
  Import took 0.033662 seconds .

========================================================================
Received Import Request.
  Time since last request: 1.519997 seconds.
  path: Assets/Imports/4000_Fantasy_Icons/Resources/Profession_icons/Engineering/Engineering_55_flameoil.png
  artifactKey: Guid(bb9a1782b6c2ba440b44ed7216f34070) Importer(815301076,1909f56bfc062723c751e8b465ee728b)
Start importing Assets/Imports/4000_Fantasy_Icons/Resources/Profession_icons/Engineering/Engineering_55_flameoil.png using Guid(bb9a1782b6c2ba440b44ed7216f34070) Importer(815301076,1909f56bfc062723c751e8b465ee728b)  -> (artifact id: 'ff4aaad104f0bb80ffe4a561dfb959f8') in 0.031622 seconds 
  Import took 0.039934 seconds .

========================================================================
Received Import Request.
  Time since last request: 0.267323 seconds.
  path: Assets/Imports/PolygonDungeonRealms/Prefabs/FX/FX_Candle_Flame_01.prefab
  artifactKey: Guid(d32281687553f8e47bafdbc91759c987) Importer(815301076,1909f56bfc062723c751e8b465ee728b)
Start importing Assets/Imports/PolygonDungeonRealms/Prefabs/FX/FX_Candle_Flame_01.prefab using Guid(d32281687553f8e47bafdbc91759c987) Importer(815301076,1909f56bfc062723c751e8b465ee728b)  -> (artifact id: 'ac251519bf0199b66e696c02c7f88529') in 0.021275 seconds 
  Import took 0.030694 seconds .

========================================================================
Received Import Request.
  Time since last request: 0.009407 seconds.
  path: Assets/Imports/PolygonDungeonRealms/Prefabs/FX/FX_Candle_Flame_01.prefab
  artifactKey: Guid(d32281687553f8e47bafdbc91759c987) Importer(815301076,1909f56bfc062723c751e8b465ee728b)
Start importing Assets/Imports/PolygonDungeonRealms/Prefabs/FX/FX_Candle_Flame_01.prefab using Guid(d32281687553f8e47bafdbc91759c987) Importer(815301076,1909f56bfc062723c751e8b465ee728b)  -> (artifact id: 'ac251519bf0199b66e696c02c7f88529') in 0.012817 seconds 
  Import took 0.022494 seconds .

========================================================================
Received Import Request.
  Time since last request: 0.000228 seconds.
  path: Assets/Imports/PolygonDungeonRealms/Models/FX_Candle_Mesh_01.fbx
  artifactKey: Guid(ec0f507e83a4c0d469065873268c8ed1) Importer(815301076,1909f56bfc062723c751e8b465ee728b)
Start importing Assets/Imports/PolygonDungeonRealms/Models/FX_Candle_Mesh_01.fbx using Guid(ec0f507e83a4c0d469065873268c8ed1) Importer(815301076,1909f56bfc062723c751e8b465ee728b)  -> (artifact id: 'bfd99b7a1e1902bf35600cce776c3458') in 0.020924 seconds 
  Import took 0.029427 seconds .

========================================================================
Received Import Request.
  Time since last request: 18.385909 seconds.
  path: Assets/Imports/PolygonDungeon/Prefabs/FX/FX_Trap_FlameHead_Fire.prefab
  artifactKey: Guid(f8356666ac1766c498d6e8a0bc3eb447) Importer(815301076,1909f56bfc062723c751e8b465ee728b)
Start importing Assets/Imports/PolygonDungeon/Prefabs/FX/FX_Trap_FlameHead_Fire.prefab using Guid(f8356666ac1766c498d6e8a0bc3eb447) Importer(815301076,1909f56bfc062723c751e8b465ee728b)  -> (artifact id: '630cd857764bdbc97a0f46bb73d8400e') in 0.021483 seconds 
  Import took 0.031179 seconds .

========================================================================
Received Import Request.
  Time since last request: 39.025518 seconds.
  path: Assets/Imports/SpecialSkillsEffectsPack/AllEffects/EffectsSet_2(ScriptBased)/Materials/Effect_08_Materials/Effect_08_Flame.mat
  artifactKey: Guid(15533b0d677b9aa479e933b1be8b7844) Importer(815301076,1909f56bfc062723c751e8b465ee728b)
Start importing Assets/Imports/SpecialSkillsEffectsPack/AllEffects/EffectsSet_2(ScriptBased)/Materials/Effect_08_Materials/Effect_08_Flame.mat using Guid(15533b0d677b9aa479e933b1be8b7844) Importer(815301076,1909f56bfc062723c751e8b465ee728b)  -> (artifact id: 'addca50dd734450ad47a402c3a396278') in 0.023716 seconds 
  Import took 0.032348 seconds .

========================================================================
Received Import Request.
  Time since last request: 10.491637 seconds.
  path: Assets/Development/Prefabs/Doodads/Camps/Campfire.prefab
  artifactKey: Guid(6f0fc6b1d9ddc214189544d956e017af) Importer(815301076,1909f56bfc062723c751e8b465ee728b)
Start importing Assets/Development/Prefabs/Doodads/Camps/Campfire.prefab using Guid(6f0fc6b1d9ddc214189544d956e017af) Importer(815301076,1909f56bfc062723c751e8b465ee728b)  -> (artifact id: '7b7129a7db06b9ed1abe52f38f31df91') in 0.018273 seconds 
  Import took 0.028381 seconds .

========================================================================
Received Import Request.
  Time since last request: 35.653040 seconds.
  path: Assets/RTS Engine/Demo/EffectObjects/Materials/Fire.mat
  artifactKey: Guid(620addf73db5d714086bb1612fb2a5b4) Importer(815301076,1909f56bfc062723c751e8b465ee728b)
Start importing Assets/RTS Engine/Demo/EffectObjects/Materials/Fire.mat using Guid(620addf73db5d714086bb1612fb2a5b4) Importer(815301076,1909f56bfc062723c751e8b465ee728b)  -> (artifact id: '71274062b763b64932578632a8cb6616') in 0.014663 seconds 
  Import took 0.024528 seconds .

========================================================================
Received Import Request.
  Time since last request: 115.125439 seconds.
  path: Assets/Imports/PolygonFantasyKingdom/Models/SM_Particle_Smoke_01.fbx
  artifactKey: Guid(41e18b74cd8bd984b94d58c040bb66da) Importer(815301076,1909f56bfc062723c751e8b465ee728b)
Start importing Assets/Imports/PolygonFantasyKingdom/Models/SM_Particle_Smoke_01.fbx using Guid(41e18b74cd8bd984b94d58c040bb66da) Importer(815301076,1909f56bfc062723c751e8b465ee728b)  -> (artifact id: '4b0169e5a4e57adbee76427eced98ee4') in 0.022961 seconds 
  Import took 0.032382 seconds .

========================================================================
Received Import Request.
  Time since last request: 3.219360 seconds.
  path: Assets/Imports/PolygonNature/FX/FX_Prefabs/Smoke_FX.prefab
  artifactKey: Guid(4a0499d54725319468a5b96a461b629d) Importer(815301076,1909f56bfc062723c751e8b465ee728b)
Start importing Assets/Imports/PolygonNature/FX/FX_Prefabs/Smoke_FX.prefab using Guid(4a0499d54725319468a5b96a461b629d) Importer(815301076,1909f56bfc062723c751e8b465ee728b)  -> (artifact id: 'dfcfad7814ce9975e1d04316c740bc65') in 0.019083 seconds 
  Import took 0.028000 seconds .

========================================================================
Received Import Request.
  Time since last request: 25.623524 seconds.
  path: Assets/Imports/SpecialSkillsEffectsPack/Textures/SimpleTextures/Smoke/Smoke_4.png
  artifactKey: Guid(a1e4bc17d92703c46b85af820c49f976) Importer(815301076,1909f56bfc062723c751e8b465ee728b)
Start importing Assets/Imports/SpecialSkillsEffectsPack/Textures/SimpleTextures/Smoke/Smoke_4.png using Guid(a1e4bc17d92703c46b85af820c49f976) Importer(815301076,1909f56bfc062723c751e8b465ee728b)  -> (artifact id: '7f09d15a090c5d9d14d4b61d272520a4') in 0.015856 seconds 
  Import took 0.024527 seconds .

========================================================================
Received Import Request.
  Time since last request: 0.015198 seconds.
  path: Assets/Imports/SpecialSkillsEffectsPack/Textures/SimpleTextures/Smoke/Smoke_4.png
  artifactKey: Guid(a1e4bc17d92703c46b85af820c49f976) Importer(815301076,1909f56bfc062723c751e8b465ee728b)
Start importing Assets/Imports/SpecialSkillsEffectsPack/Textures/SimpleTextures/Smoke/Smoke_4.png using Guid(a1e4bc17d92703c46b85af820c49f976) Importer(815301076,1909f56bfc062723c751e8b465ee728b)  -> (artifact id: '7f09d15a090c5d9d14d4b61d272520a4') in 0.013091 seconds 
  Import took 0.021331 seconds .

========================================================================
Received Import Request.
  Time since last request: 248.159325 seconds.
  path: Assets/Development/Prefabs/Doodads/Camps/OBS_Camp_Fire.prefab
  artifactKey: Guid(84ad40aae7d36f94187880c31c43ff90) Importer(815301076,1909f56bfc062723c751e8b465ee728b)
Start importing Assets/Development/Prefabs/Doodads/Camps/OBS_Camp_Fire.prefab using Guid(84ad40aae7d36f94187880c31c43ff90) Importer(815301076,1909f56bfc062723c751e8b465ee728b)  -> (artifact id: '136bb288049ba10b8cfb945754e064b6') in 0.021866 seconds 
  Import took 0.032308 seconds .

========================================================================
Received Prepare
Registering precompiled user dll's ...
Registered in 0.017731 seconds.
Begin MonoManager ReloadAssembly
Native extension for WindowsStandalone target not found
Refreshing native plugins compatible for Editor in 5.54 ms, found 2 plugins.
Preloading 0 native plugins for Editor in 0.00 ms.
Mono: successfully reloaded assembly
- Completed reload, in  2.445 seconds
Domain Reload Profiling:
	ReloadAssembly (2445ms)
		BeginReloadAssembly (186ms)
			ExecutionOrderSort (0ms)
			DisableScriptedObjects (7ms)
			BackupInstance (0ms)
			ReleaseScriptingObjects (0ms)
			CreateAndSetChildDomain (58ms)
		EndReloadAssembly (2176ms)
			LoadAssemblies (126ms)
			RebuildTransferFunctionScriptingTraits (0ms)
			SetupTypeCache (425ms)
			ReleaseScriptCaches (2ms)
			RebuildScriptCaches (67ms)
			SetupLoadedEditorAssemblies (1387ms)
				LogAssemblyErrors (0ms)
				InitializePlatformSupportModulesInManaged (4ms)
				SetLoadedEditorAssemblies (0ms)
				RefreshPlugins (6ms)
				BeforeProcessingInitializeOnLoad (119ms)
				ProcessInitializeOnLoadAttributes (1237ms)
				ProcessInitializeOnLoadMethodAttributes (10ms)
				AfterProcessingInitializeOnLoad (10ms)
				EditorAssembliesLoaded (0ms)
			ExecutionOrderSort2 (0ms)
			AwakeInstancesAfterBackupRestoration (17ms)
Platform modules already initialized, skipping
Refreshing native plugins compatible for Editor in 4.49 ms, found 2 plugins.
Preloading 0 native plugins for Editor in 0.00 ms.
Unloading 3972 Unused Serialized files (Serialized files now loaded: 0)
System memory in use before: 394.0 MB.
System memory in use after: 394.2 MB.

Unloading 28 unused Assets to reduce memory usage. Loaded Objects now: 4762.
Total: 5.663200 ms (FindLiveObjects: 0.586000 ms CreateObjectMapping: 0.187500 ms MarkObjects: 4.707600 ms  DeleteObjects: 0.180100 ms)

AssetImportParameters requested are different than current active one (requested -> active):
  custom:framework-win-MediaFoundation: 216162199b28c13a410421893ffa2e32 -> 
  custom:video-decoder-ogg-theora: a1e56fd34408186e4bbccfd4996cb3dc -> 
  custom:container-muxer-webm: aa71ff27fc2769a1b78a27578f13a17b -> 
  custom:container-demuxer-webm: 4f35f7cbe854078d1ac9338744f61a02 -> 
  custom:container-demuxer-ogg: 62fdf1f143b41e24485cea50d1cbac27 -> 
  custom:video-encoder-webm-vp8: eb34c28f22e8b96e1ab97ce403110664 -> 
  custom:video-decoder-webm-vp8: 9c59270c3fd7afecdb556c50c9e8de78 -> 
  custom:audio-decoder-ogg-vorbis: bf7c407c2cedff20999df2af8eb42d56 -> 
  custom:audio-encoder-webm-vorbis: bf7c407c2cedff20999df2af8eb42d56 -> 
========================================================================
Received Import Request.
  Time since last request: 321.861033 seconds.
  path: Assets/Development/Prefabs/Doodads/Camps/Campfire.prefab
  artifactKey: Guid(6f0fc6b1d9ddc214189544d956e017af) Importer(815301076,1909f56bfc062723c751e8b465ee728b)
Start importing Assets/Development/Prefabs/Doodads/Camps/Campfire.prefab using Guid(6f0fc6b1d9ddc214189544d956e017af) Importer(815301076,1909f56bfc062723c751e8b465ee728b)  -> (artifact id: '7c611834bfa9b32b9de9bf68a66b4dc5') in 0.187986 seconds 
  Import took 0.202196 seconds .

========================================================================
Received Import Request.
  Time since last request: 7.550719 seconds.
  path: Assets/Development/Prefabs/Doodads/Camps/Campfire.prefab
  artifactKey: Guid(6f0fc6b1d9ddc214189544d956e017af) Importer(815301076,1909f56bfc062723c751e8b465ee728b)
Start importing Assets/Development/Prefabs/Doodads/Camps/Campfire.prefab using Guid(6f0fc6b1d9ddc214189544d956e017af) Importer(815301076,1909f56bfc062723c751e8b465ee728b)  -> (artifact id: 'bcf255e188d86418afeaa9b554da11df') in 0.017479 seconds 
  Import took 0.026013 seconds .

========================================================================
Received Import Request.
  Time since last request: 500.991107 seconds.
  path: Assets/Development/Prefabs/Doodads/Camps/Campfire.prefab
  artifactKey: Guid(6f0fc6b1d9ddc214189544d956e017af) Importer(815301076,1909f56bfc062723c751e8b465ee728b)
Start importing Assets/Development/Prefabs/Doodads/Camps/Campfire.prefab using Guid(6f0fc6b1d9ddc214189544d956e017af) Importer(815301076,1909f56bfc062723c751e8b465ee728b)  -> (artifact id: '0f172fcda0fb10f3a3b630f25dd94342') in 0.016303 seconds 
  Import took 0.026309 seconds .

========================================================================
Received Import Request.
  Time since last request: 39.151134 seconds.
  path: Assets/Development/Prefabs/Doodads/Camps/Campfire.prefab
  artifactKey: Guid(6f0fc6b1d9ddc214189544d956e017af) Importer(815301076,1909f56bfc062723c751e8b465ee728b)
Start importing Assets/Development/Prefabs/Doodads/Camps/Campfire.prefab using Guid(6f0fc6b1d9ddc214189544d956e017af) Importer(815301076,1909f56bfc062723c751e8b465ee728b)  -> (artifact id: '7af09dc1d63be1a09faaf06746ddb10e') in 0.016195 seconds 
  Import took 0.024932 seconds .

========================================================================
Received Import Request.
  Time since last request: 5.544843 seconds.
  path: Assets/Development/Prefabs/Doodads/Camps/OBS_Campfire.prefab
  artifactKey: Guid(6f0fc6b1d9ddc214189544d956e017af) Importer(815301076,1909f56bfc062723c751e8b465ee728b)
Start importing Assets/Development/Prefabs/Doodads/Camps/OBS_Campfire.prefab using Guid(6f0fc6b1d9ddc214189544d956e017af) Importer(815301076,1909f56bfc062723c751e8b465ee728b)  -> (artifact id: '8a9a293b2f20b8631af3858b45d3e256') in 0.021118 seconds 
  Import took 0.030282 seconds .

========================================================================
Received Prepare
Registering precompiled user dll's ...
Registered in 0.014203 seconds.
Begin MonoManager ReloadAssembly
Native extension for WindowsStandalone target not found
Refreshing native plugins compatible for Editor in 5.48 ms, found 2 plugins.
Preloading 0 native plugins for Editor in 0.00 ms.
Mono: successfully reloaded assembly
- Completed reload, in  2.366 seconds
Domain Reload Profiling:
	ReloadAssembly (2367ms)
		BeginReloadAssembly (151ms)
			ExecutionOrderSort (0ms)
			DisableScriptedObjects (7ms)
			BackupInstance (0ms)
			ReleaseScriptingObjects (0ms)
			CreateAndSetChildDomain (49ms)
		EndReloadAssembly (2135ms)
			LoadAssemblies (120ms)
			RebuildTransferFunctionScriptingTraits (0ms)
			SetupTypeCache (408ms)
			ReleaseScriptCaches (2ms)
			RebuildScriptCaches (54ms)
			SetupLoadedEditorAssemblies (1364ms)
				LogAssemblyErrors (0ms)
				InitializePlatformSupportModulesInManaged (4ms)
				SetLoadedEditorAssemblies (0ms)
				RefreshPlugins (6ms)
				BeforeProcessingInitializeOnLoad (114ms)
				ProcessInitializeOnLoadAttributes (1218ms)
				ProcessInitializeOnLoadMethodAttributes (11ms)
				AfterProcessingInitializeOnLoad (9ms)
				EditorAssembliesLoaded (0ms)
			ExecutionOrderSort2 (0ms)
			AwakeInstancesAfterBackupRestoration (18ms)
Platform modules already initialized, skipping
Refreshing native plugins compatible for Editor in 4.86 ms, found 2 plugins.
Preloading 0 native plugins for Editor in 0.00 ms.
Unloading 3972 Unused Serialized files (Serialized files now loaded: 0)
System memory in use before: 395.1 MB.
System memory in use after: 395.3 MB.

Unloading 27 unused Assets to reduce memory usage. Loaded Objects now: 4808.
Total: 5.672500 ms (FindLiveObjects: 0.477900 ms CreateObjectMapping: 0.117700 ms MarkObjects: 4.907800 ms  DeleteObjects: 0.166900 ms)

AssetImportParameters requested are different than current active one (requested -> active):
  custom:framework-win-MediaFoundation: 216162199b28c13a410421893ffa2e32 -> 
  custom:video-decoder-ogg-theora: a1e56fd34408186e4bbccfd4996cb3dc -> 
  custom:container-muxer-webm: aa71ff27fc2769a1b78a27578f13a17b -> 
  custom:container-demuxer-webm: 4f35f7cbe854078d1ac9338744f61a02 -> 
  custom:container-demuxer-ogg: 62fdf1f143b41e24485cea50d1cbac27 -> 
  custom:video-encoder-webm-vp8: eb34c28f22e8b96e1ab97ce403110664 -> 
  custom:video-decoder-webm-vp8: 9c59270c3fd7afecdb556c50c9e8de78 -> 
  custom:audio-decoder-ogg-vorbis: bf7c407c2cedff20999df2af8eb42d56 -> 
  custom:audio-encoder-webm-vorbis: bf7c407c2cedff20999df2af8eb42d56 -> 
========================================================================
Received Prepare
Registering precompiled user dll's ...
Registered in 0.013734 seconds.
Begin MonoManager ReloadAssembly
Native extension for WindowsStandalone target not found
Refreshing native plugins compatible for Editor in 4.12 ms, found 2 plugins.
Preloading 0 native plugins for Editor in 0.00 ms.
Mono: successfully reloaded assembly
- Completed reload, in  2.063 seconds
Domain Reload Profiling:
	ReloadAssembly (2064ms)
		BeginReloadAssembly (122ms)
			ExecutionOrderSort (0ms)
			DisableScriptedObjects (4ms)
			BackupInstance (0ms)
			ReleaseScriptingObjects (0ms)
			CreateAndSetChildDomain (42ms)
		EndReloadAssembly (1875ms)
			LoadAssemblies (106ms)
			RebuildTransferFunctionScriptingTraits (0ms)
			SetupTypeCache (354ms)
			ReleaseScriptCaches (2ms)
			RebuildScriptCaches (49ms)
			SetupLoadedEditorAssemblies (1189ms)
				LogAssemblyErrors (0ms)
				InitializePlatformSupportModulesInManaged (4ms)
				SetLoadedEditorAssemblies (0ms)
				RefreshPlugins (4ms)
				BeforeProcessingInitializeOnLoad (98ms)
				ProcessInitializeOnLoadAttributes (1063ms)
				ProcessInitializeOnLoadMethodAttributes (10ms)
				AfterProcessingInitializeOnLoad (9ms)
				EditorAssembliesLoaded (0ms)
			ExecutionOrderSort2 (0ms)
			AwakeInstancesAfterBackupRestoration (16ms)
Platform modules already initialized, skipping
Refreshing native plugins compatible for Editor in 4.26 ms, found 2 plugins.
Preloading 0 native plugins for Editor in 0.00 ms.
Unloading 3972 Unused Serialized files (Serialized files now loaded: 0)
System memory in use before: 395.1 MB.
System memory in use after: 395.4 MB.

Unloading 27 unused Assets to reduce memory usage. Loaded Objects now: 4816.
Total: 5.239800 ms (FindLiveObjects: 0.485500 ms CreateObjectMapping: 0.103100 ms MarkObjects: 4.530000 ms  DeleteObjects: 0.119200 ms)

AssetImportParameters requested are different than current active one (requested -> active):
  custom:framework-win-MediaFoundation: 216162199b28c13a410421893ffa2e32 -> 
  custom:video-decoder-ogg-theora: a1e56fd34408186e4bbccfd4996cb3dc -> 
  custom:container-muxer-webm: aa71ff27fc2769a1b78a27578f13a17b -> 
  custom:container-demuxer-webm: 4f35f7cbe854078d1ac9338744f61a02 -> 
  custom:container-demuxer-ogg: 62fdf1f143b41e24485cea50d1cbac27 -> 
  custom:video-encoder-webm-vp8: eb34c28f22e8b96e1ab97ce403110664 -> 
  custom:video-decoder-webm-vp8: 9c59270c3fd7afecdb556c50c9e8de78 -> 
  custom:audio-decoder-ogg-vorbis: bf7c407c2cedff20999df2af8eb42d56 -> 
  custom:audio-encoder-webm-vorbis: bf7c407c2cedff20999df2af8eb42d56 -> 
========================================================================
Received Import Request.
  Time since last request: 1521.156602 seconds.
  path: Assets/Development/Map Resources/Resources/Prefabs/bone_pile 4.prefab
  artifactKey: Guid(e666bf8eec941424baea753d327c44f7) Importer(815301076,1909f56bfc062723c751e8b465ee728b)
Start importing Assets/Development/Map Resources/Resources/Prefabs/bone_pile 4.prefab using Guid(e666bf8eec941424baea753d327c44f7) Importer(815301076,1909f56bfc062723c751e8b465ee728b)  -> (artifact id: 'a77d3fc10ced4f7521e95f3250d320f3') in 0.282494 seconds 
  Import took 0.297538 seconds .

========================================================================
Received Import Request.
  Time since last request: 4.075334 seconds.
  path: Assets/Development/Map Resources/Resources/Prefabs/bone_pile.prefab
  artifactKey: Guid(a8d3192d8b4f536458c90846a97c72e3) Importer(815301076,1909f56bfc062723c751e8b465ee728b)
Start importing Assets/Development/Map Resources/Resources/Prefabs/bone_pile.prefab using Guid(a8d3192d8b4f536458c90846a97c72e3) Importer(815301076,1909f56bfc062723c751e8b465ee728b)  -> (artifact id: 'ecadc1bb49e5b79bba448d7665eff19f') in 0.122412 seconds 
  Import took 0.134271 seconds .

========================================================================
Received Import Request.
  Time since last request: 9.877356 seconds.
  path: Assets/Development/Map Resources/Resources/Prefabs/RES_Bone_Pile.prefab
  artifactKey: Guid(a8d3192d8b4f536458c90846a97c72e3) Importer(815301076,1909f56bfc062723c751e8b465ee728b)
Start importing Assets/Development/Map Resources/Resources/Prefabs/RES_Bone_Pile.prefab using Guid(a8d3192d8b4f536458c90846a97c72e3) Importer(815301076,1909f56bfc062723c751e8b465ee728b)  -> (artifact id: '4010c8c7e73ed70c510527edcc04280a') in 0.081724 seconds 
  Import took 0.093678 seconds .

========================================================================
Received Import Request.
  Time since last request: 14.204964 seconds.
  path: Assets/Development/Map Resources/Resources/Prefabs/RES_Bone_Pile4.prefab
  artifactKey: Guid(e666bf8eec941424baea753d327c44f7) Importer(815301076,1909f56bfc062723c751e8b465ee728b)
Start importing Assets/Development/Map Resources/Resources/Prefabs/RES_Bone_Pile4.prefab using Guid(e666bf8eec941424baea753d327c44f7) Importer(815301076,1909f56bfc062723c751e8b465ee728b)  -> (artifact id: '5d413831d91eb89bfceec6c275453256') in 0.026603 seconds 
  Import took 0.036129 seconds .

========================================================================
Received Import Request.
  Time since last request: 12.170987 seconds.
  path: Assets/Development/Map Resources/Resources/Prefabs/RES_Bone_Pile3.prefab
  artifactKey: Guid(a3e7a671c086c5647b3d6a4aa94942a4) Importer(815301076,1909f56bfc062723c751e8b465ee728b)
Start importing Assets/Development/Map Resources/Resources/Prefabs/RES_Bone_Pile3.prefab using Guid(a3e7a671c086c5647b3d6a4aa94942a4) Importer(815301076,1909f56bfc062723c751e8b465ee728b)  -> (artifact id: '0d88847fc4d32d5a0bdbee1f67169862') in 0.041270 seconds 
  Import took 0.050162 seconds .

========================================================================
Received Import Request.
  Time since last request: 10.016564 seconds.
  path: Assets/Development/Map Resources/Resources/Prefabs/RES_Bone_Pile2.prefab
  artifactKey: Guid(8ddd5313b65648f429505a162857063b) Importer(815301076,1909f56bfc062723c751e8b465ee728b)
Start importing Assets/Development/Map Resources/Resources/Prefabs/RES_Bone_Pile2.prefab using Guid(8ddd5313b65648f429505a162857063b) Importer(815301076,1909f56bfc062723c751e8b465ee728b)  -> (artifact id: '13036cc410cba786dee04395fae8f5ad') in 0.038079 seconds 
  Import took 0.047802 seconds .

========================================================================
Received Import Request.
  Time since last request: 41.015484 seconds.
  path: Assets/Development/Map Resources/Resources/Prefabs/RES_Bone_Pile3.prefab
  artifactKey: Guid(a3e7a671c086c5647b3d6a4aa94942a4) Importer(815301076,1909f56bfc062723c751e8b465ee728b)
Start importing Assets/Development/Map Resources/Resources/Prefabs/RES_Bone_Pile3.prefab using Guid(a3e7a671c086c5647b3d6a4aa94942a4) Importer(815301076,1909f56bfc062723c751e8b465ee728b)  -> (artifact id: 'be7e403e8b9c6551d0a740911df5f882') in 0.025126 seconds 
  Import took 0.033789 seconds .

========================================================================
Received Prepare
Registering precompiled user dll's ...
Registered in 0.015489 seconds.
Begin MonoManager ReloadAssembly
Native extension for WindowsStandalone target not found
Refreshing native plugins compatible for Editor in 4.88 ms, found 2 plugins.
Preloading 0 native plugins for Editor in 0.00 ms.
Mono: successfully reloaded assembly
- Completed reload, in  2.433 seconds
Domain Reload Profiling:
	ReloadAssembly (2434ms)
		BeginReloadAssembly (145ms)
			ExecutionOrderSort (0ms)
			DisableScriptedObjects (8ms)
			BackupInstance (0ms)
			ReleaseScriptingObjects (0ms)
			CreateAndSetChildDomain (56ms)
		EndReloadAssembly (2212ms)
			LoadAssemblies (127ms)
			RebuildTransferFunctionScriptingTraits (0ms)
			SetupTypeCache (416ms)
			ReleaseScriptCaches (2ms)
			RebuildScriptCaches (59ms)
			SetupLoadedEditorAssemblies (1410ms)
				LogAssemblyErrors (0ms)
				InitializePlatformSupportModulesInManaged (4ms)
				SetLoadedEditorAssemblies (0ms)
				RefreshPlugins (5ms)
				BeforeProcessingInitializeOnLoad (114ms)
				ProcessInitializeOnLoadAttributes (1263ms)
				ProcessInitializeOnLoadMethodAttributes (13ms)
				AfterProcessingInitializeOnLoad (10ms)
				EditorAssembliesLoaded (0ms)
			ExecutionOrderSort2 (0ms)
			AwakeInstancesAfterBackupRestoration (20ms)
Platform modules already initialized, skipping
Refreshing native plugins compatible for Editor in 4.51 ms, found 2 plugins.
Preloading 0 native plugins for Editor in 0.00 ms.
Unloading 3972 Unused Serialized files (Serialized files now loaded: 0)
System memory in use before: 395.4 MB.
System memory in use after: 395.6 MB.

Unloading 27 unused Assets to reduce memory usage. Loaded Objects now: 4863.
Total: 6.200300 ms (FindLiveObjects: 0.546100 ms CreateObjectMapping: 0.110900 ms MarkObjects: 5.414900 ms  DeleteObjects: 0.124600 ms)

AssetImportParameters requested are different than current active one (requested -> active):
  custom:framework-win-MediaFoundation: 216162199b28c13a410421893ffa2e32 -> 
  custom:video-decoder-ogg-theora: a1e56fd34408186e4bbccfd4996cb3dc -> 
  custom:container-muxer-webm: aa71ff27fc2769a1b78a27578f13a17b -> 
  custom:container-demuxer-webm: 4f35f7cbe854078d1ac9338744f61a02 -> 
  custom:container-demuxer-ogg: 62fdf1f143b41e24485cea50d1cbac27 -> 
  custom:video-encoder-webm-vp8: eb34c28f22e8b96e1ab97ce403110664 -> 
  custom:video-decoder-webm-vp8: 9c59270c3fd7afecdb556c50c9e8de78 -> 
  custom:audio-decoder-ogg-vorbis: bf7c407c2cedff20999df2af8eb42d56 -> 
  custom:audio-encoder-webm-vorbis: bf7c407c2cedff20999df2af8eb42d56 -> 
========================================================================
Received Prepare
Registering precompiled user dll's ...
Registered in 0.017880 seconds.
Begin MonoManager ReloadAssembly
Native extension for WindowsStandalone target not found
Refreshing native plugins compatible for Editor in 5.84 ms, found 2 plugins.
Preloading 0 native plugins for Editor in 0.00 ms.
Mono: successfully reloaded assembly
- Completed reload, in  2.720 seconds
Domain Reload Profiling:
	ReloadAssembly (2720ms)
		BeginReloadAssembly (145ms)
			ExecutionOrderSort (0ms)
			DisableScriptedObjects (6ms)
			BackupInstance (0ms)
			ReleaseScriptingObjects (0ms)
			CreateAndSetChildDomain (53ms)
		EndReloadAssembly (2480ms)
			LoadAssemblies (131ms)
			RebuildTransferFunctionScriptingTraits (0ms)
			SetupTypeCache (458ms)
			ReleaseScriptCaches (2ms)
			RebuildScriptCaches (71ms)
			SetupLoadedEditorAssemblies (1584ms)
				LogAssemblyErrors (0ms)
				InitializePlatformSupportModulesInManaged (6ms)
				SetLoadedEditorAssemblies (1ms)
				RefreshPlugins (6ms)
				BeforeProcessingInitializeOnLoad (132ms)
				ProcessInitializeOnLoadAttributes (1413ms)
				ProcessInitializeOnLoadMethodAttributes (15ms)
				AfterProcessingInitializeOnLoad (11ms)
				EditorAssembliesLoaded (0ms)
			ExecutionOrderSort2 (0ms)
			AwakeInstancesAfterBackupRestoration (24ms)
Platform modules already initialized, skipping
Refreshing native plugins compatible for Editor in 7.47 ms, found 2 plugins.
Preloading 0 native plugins for Editor in 0.00 ms.
Unloading 3972 Unused Serialized files (Serialized files now loaded: 0)
System memory in use before: 395.4 MB.
System memory in use after: 395.7 MB.

Unloading 27 unused Assets to reduce memory usage. Loaded Objects now: 4871.
Total: 7.801700 ms (FindLiveObjects: 1.151300 ms CreateObjectMapping: 0.759100 ms MarkObjects: 5.759000 ms  DeleteObjects: 0.130700 ms)

AssetImportParameters requested are different than current active one (requested -> active):
  custom:framework-win-MediaFoundation: 216162199b28c13a410421893ffa2e32 -> 
  custom:video-decoder-ogg-theora: a1e56fd34408186e4bbccfd4996cb3dc -> 
  custom:container-muxer-webm: aa71ff27fc2769a1b78a27578f13a17b -> 
  custom:container-demuxer-webm: 4f35f7cbe854078d1ac9338744f61a02 -> 
  custom:container-demuxer-ogg: 62fdf1f143b41e24485cea50d1cbac27 -> 
  custom:video-encoder-webm-vp8: eb34c28f22e8b96e1ab97ce403110664 -> 
  custom:video-decoder-webm-vp8: 9c59270c3fd7afecdb556c50c9e8de78 -> 
  custom:audio-decoder-ogg-vorbis: bf7c407c2cedff20999df2af8eb42d56 -> 
  custom:audio-encoder-webm-vorbis: bf7c407c2cedff20999df2af8eb42d56 -> 
========================================================================
Received Prepare
Registering precompiled user dll's ...
Registered in 0.015642 seconds.
Begin MonoManager ReloadAssembly
Native extension for WindowsStandalone target not found
Refreshing native plugins compatible for Editor in 4.86 ms, found 2 plugins.
Preloading 0 native plugins for Editor in 0.00 ms.
Mono: successfully reloaded assembly
- Completed reload, in  2.428 seconds
Domain Reload Profiling:
	ReloadAssembly (2428ms)
		BeginReloadAssembly (131ms)
			ExecutionOrderSort (0ms)
			DisableScriptedObjects (5ms)
			BackupInstance (0ms)
			ReleaseScriptingObjects (0ms)
			CreateAndSetChildDomain (48ms)
		EndReloadAssembly (2219ms)
			LoadAssemblies (119ms)
			RebuildTransferFunctionScriptingTraits (0ms)
			SetupTypeCache (434ms)
			ReleaseScriptCaches (2ms)
			RebuildScriptCaches (57ms)
			SetupLoadedEditorAssemblies (1405ms)
				LogAssemblyErrors (0ms)
				InitializePlatformSupportModulesInManaged (5ms)
				SetLoadedEditorAssemblies (1ms)
				RefreshPlugins (5ms)
				BeforeProcessingInitializeOnLoad (115ms)
				ProcessInitializeOnLoadAttributes (1257ms)
				ProcessInitializeOnLoadMethodAttributes (12ms)
				AfterProcessingInitializeOnLoad (10ms)
				EditorAssembliesLoaded (0ms)
			ExecutionOrderSort2 (0ms)
			AwakeInstancesAfterBackupRestoration (21ms)
Platform modules already initialized, skipping
Refreshing native plugins compatible for Editor in 5.73 ms, found 2 plugins.
Preloading 0 native plugins for Editor in 0.00 ms.
Unloading 3972 Unused Serialized files (Serialized files now loaded: 0)
System memory in use before: 395.5 MB.
System memory in use after: 395.7 MB.

Unloading 27 unused Assets to reduce memory usage. Loaded Objects now: 4879.
Total: 5.708300 ms (FindLiveObjects: 0.584900 ms CreateObjectMapping: 0.109600 ms MarkObjects: 4.894600 ms  DeleteObjects: 0.117400 ms)

AssetImportParameters requested are different than current active one (requested -> active):
  custom:framework-win-MediaFoundation: 216162199b28c13a410421893ffa2e32 -> 
  custom:video-decoder-ogg-theora: a1e56fd34408186e4bbccfd4996cb3dc -> 
  custom:container-muxer-webm: aa71ff27fc2769a1b78a27578f13a17b -> 
  custom:container-demuxer-webm: 4f35f7cbe854078d1ac9338744f61a02 -> 
  custom:container-demuxer-ogg: 62fdf1f143b41e24485cea50d1cbac27 -> 
  custom:video-encoder-webm-vp8: eb34c28f22e8b96e1ab97ce403110664 -> 
  custom:video-decoder-webm-vp8: 9c59270c3fd7afecdb556c50c9e8de78 -> 
  custom:audio-decoder-ogg-vorbis: bf7c407c2cedff20999df2af8eb42d56 -> 
  custom:audio-encoder-webm-vorbis: bf7c407c2cedff20999df2af8eb42d56 -> 
========================================================================
Received Prepare
Registering precompiled user dll's ...
Registered in 0.016854 seconds.
Begin MonoManager ReloadAssembly
Native extension for WindowsStandalone target not found
Refreshing native plugins compatible for Editor in 7.53 ms, found 2 plugins.
Preloading 0 native plugins for Editor in 0.00 ms.
Mono: successfully reloaded assembly
- Completed reload, in  2.571 seconds
Domain Reload Profiling:
	ReloadAssembly (2572ms)
		BeginReloadAssembly (150ms)
			ExecutionOrderSort (0ms)
			DisableScriptedObjects (5ms)
			BackupInstance (0ms)
			ReleaseScriptingObjects (0ms)
			CreateAndSetChildDomain (56ms)
		EndReloadAssembly (2325ms)
			LoadAssemblies (142ms)
			RebuildTransferFunctionScriptingTraits (0ms)
			SetupTypeCache (471ms)
			ReleaseScriptCaches (2ms)
			RebuildScriptCaches (60ms)
			SetupLoadedEditorAssemblies (1443ms)
				LogAssemblyErrors (0ms)
				InitializePlatformSupportModulesInManaged (5ms)
				SetLoadedEditorAssemblies (1ms)
				RefreshPlugins (8ms)
				BeforeProcessingInitializeOnLoad (118ms)
				ProcessInitializeOnLoadAttributes (1289ms)
				ProcessInitializeOnLoadMethodAttributes (12ms)
				AfterProcessingInitializeOnLoad (10ms)
				EditorAssembliesLoaded (0ms)
			ExecutionOrderSort2 (0ms)
			AwakeInstancesAfterBackupRestoration (18ms)
Platform modules already initialized, skipping
Refreshing native plugins compatible for Editor in 5.02 ms, found 2 plugins.
Preloading 0 native plugins for Editor in 0.00 ms.
Unloading 3972 Unused Serialized files (Serialized files now loaded: 0)
System memory in use before: 395.5 MB.
System memory in use after: 395.7 MB.

Unloading 27 unused Assets to reduce memory usage. Loaded Objects now: 4887.
Total: 7.899400 ms (FindLiveObjects: 0.849200 ms CreateObjectMapping: 0.385000 ms MarkObjects: 6.528800 ms  DeleteObjects: 0.134100 ms)

AssetImportParameters requested are different than current active one (requested -> active):
  custom:framework-win-MediaFoundation: 216162199b28c13a410421893ffa2e32 -> 
  custom:video-decoder-ogg-theora: a1e56fd34408186e4bbccfd4996cb3dc -> 
  custom:container-muxer-webm: aa71ff27fc2769a1b78a27578f13a17b -> 
  custom:container-demuxer-webm: 4f35f7cbe854078d1ac9338744f61a02 -> 
  custom:container-demuxer-ogg: 62fdf1f143b41e24485cea50d1cbac27 -> 
  custom:video-encoder-webm-vp8: eb34c28f22e8b96e1ab97ce403110664 -> 
  custom:video-decoder-webm-vp8: 9c59270c3fd7afecdb556c50c9e8de78 -> 
  custom:audio-decoder-ogg-vorbis: bf7c407c2cedff20999df2af8eb42d56 -> 
  custom:audio-encoder-webm-vorbis: bf7c407c2cedff20999df2af8eb42d56 -> 
========================================================================
Received Prepare
Registering precompiled user dll's ...
Registered in 0.016384 seconds.
Begin MonoManager ReloadAssembly
Native extension for WindowsStandalone target not found
Refreshing native plugins compatible for Editor in 4.76 ms, found 2 plugins.
Preloading 0 native plugins for Editor in 0.00 ms.
Mono: successfully reloaded assembly
- Completed reload, in  2.372 seconds
Domain Reload Profiling:
	ReloadAssembly (2372ms)
		BeginReloadAssembly (131ms)
			ExecutionOrderSort (0ms)
			DisableScriptedObjects (5ms)
			BackupInstance (0ms)
			ReleaseScriptingObjects (0ms)
			CreateAndSetChildDomain (48ms)
		EndReloadAssembly (2165ms)
			LoadAssemblies (122ms)
			RebuildTransferFunctionScriptingTraits (0ms)
			SetupTypeCache (406ms)
			ReleaseScriptCaches (2ms)
			RebuildScriptCaches (57ms)
			SetupLoadedEditorAssemblies (1377ms)
				LogAssemblyErrors (0ms)
				InitializePlatformSupportModulesInManaged (5ms)
				SetLoadedEditorAssemblies (0ms)
				RefreshPlugins (5ms)
				BeforeProcessingInitializeOnLoad (112ms)
				ProcessInitializeOnLoadAttributes (1232ms)
				ProcessInitializeOnLoadMethodAttributes (12ms)
				AfterProcessingInitializeOnLoad (10ms)
				EditorAssembliesLoaded (0ms)
			ExecutionOrderSort2 (0ms)
			AwakeInstancesAfterBackupRestoration (19ms)
Platform modules already initialized, skipping
Refreshing native plugins compatible for Editor in 4.93 ms, found 2 plugins.
Preloading 0 native plugins for Editor in 0.00 ms.
Unloading 3972 Unused Serialized files (Serialized files now loaded: 0)
System memory in use before: 395.6 MB.
System memory in use after: 395.8 MB.

Unloading 27 unused Assets to reduce memory usage. Loaded Objects now: 4895.
Total: 6.252000 ms (FindLiveObjects: 0.610000 ms CreateObjectMapping: 0.132700 ms MarkObjects: 5.390100 ms  DeleteObjects: 0.116800 ms)

AssetImportParameters requested are different than current active one (requested -> active):
  custom:framework-win-MediaFoundation: 216162199b28c13a410421893ffa2e32 -> 
  custom:video-decoder-ogg-theora: a1e56fd34408186e4bbccfd4996cb3dc -> 
  custom:container-muxer-webm: aa71ff27fc2769a1b78a27578f13a17b -> 
  custom:container-demuxer-webm: 4f35f7cbe854078d1ac9338744f61a02 -> 
  custom:container-demuxer-ogg: 62fdf1f143b41e24485cea50d1cbac27 -> 
  custom:video-encoder-webm-vp8: eb34c28f22e8b96e1ab97ce403110664 -> 
  custom:video-decoder-webm-vp8: 9c59270c3fd7afecdb556c50c9e8de78 -> 
  custom:audio-decoder-ogg-vorbis: bf7c407c2cedff20999df2af8eb42d56 -> 
  custom:audio-encoder-webm-vorbis: bf7c407c2cedff20999df2af8eb42d56 -> 
